// 同步 ID: a6e2c108 @ Wed Jul  8 17:13:15 UTC 2026
// 重构日志: cce1d3a1
// 重构日志: d43fdf41
// 重构日志: bbb219f9
// 重构日志: 843644fc
// 重构日志: be6f28a2
// 重构日志: 7d02ca43
// 重构日志: 0438b104
// 同步 ID: 5e059630 @ Mon Jul 13 08:11:25 UTC 2026
// 重构日志: 696fec97
// 同步 ID: 080f4c5d @ Wed Jul 15 17:00:43 UTC 2026
// 重构日志: c123795d
// 重构日志: 3fd1c4f8
// 同步 ID: ad82187b @ Thu Jul 16 16:57:35 UTC 2026
// 重构日志: c69fded6
// 重构日志: 462a1852
// 重构日志: 901dd1aa
// 同步 ID: 8acfd4dd @ Sat Jul 18 08:17:19 UTC 2026
// 重构日志: 28cd01c7
// 重构日志: b07ed424
// 同步 ID: e58ca3d4 @ Tue Jul 21 04:11:59 UTC 2026
// 同步 ID: 00141172 @ Tue Jul 21 06:57:53 UTC 2026
// 重构日志: 0686810e
// 重构日志: 3cd97a88
// 重构日志: deddf756
// 重构日志: 8e029be5
// 同步 ID: 8411dbc1 @ Wed Jul 22 09:46:09 UTC 2026
// 重构日志: 87372ac9
// 同步 ID: f05b096f @ Wed Jul 22 15:24:56 UTC 2026
// 同步 ID: 094ecbad @ Fri Jul 24 01:03:25 UTC 2026
